<?xml version="1.0" encoding="UTF-8"?>
<testsuite xmlns:xsi="http://www.w3.org/2001/XMLSchema-instance" xsi:noNamespaceSchemaLocation="https://maven.apache.org/surefire/maven-surefire-plugin/xsd/surefire-test-report-3.0.xsd" version="3.0" name="com.scm.ApplicationTests" time="15.068" tests="1" errors="0" skipped="0" failures="0">
  <properties>
[...]
</properties>
  <testcase name="contextLoads" classname="com.scm.ApplicationTests" time="1.036">
    <system-out><![CDATA[16:33:06.674 [main] INFO org.springframework.test.context.support.AnnotationConfigContextLoaderUtils -- Could not detect default configuration classes for test class [com.scm.ApplicationTests]: ApplicationTests does not declare any static, non-private, non-final, nested classes annotated with @Configuration.
16:33:06.924 [main] INFO org.springframework.boot.test.context.SpringBootTestContextBootstrapper -- Found @SpringBootConfiguration com.scm.Application for test class com.scm.ApplicationTests
16:33:07.431 [main] INFO org.springframework.boot.devtools.restart.RestartApplicationListener -- Restart disabled due to context in which it is running

  .   ____          _            __ _ _
 /\\ / ___'_ __ _ _(_)_ __  __ _ \ \ \ \
( ( )\___ | '_ | '_| | '_ \/ _` | \ \ \ \
 \\/  ___)| |_)| | | | | || (_| |  ) ) ) )
  '  |____| .__|_| |_|_| |_\__, | / / / /
 =========|_|==============|___/=/_/_/_/

 :: Spring Boot ::                (v3.3.1)

2025-10-02T16:33:08.138+05:30  INFO 16800 --- [scm2.0] [           main] com.scm.ApplicationTests                 : Starting ApplicationTests using Java 17.0.5 with PID 16800 (started by laksh in c:\Users\laksh\OneDrive\Documents\GitHub\StreamLite)
2025-10-02T16:33:08.144+05:30  INFO 16800 --- [scm2.0] [           main] com.scm.ApplicationTests                 : No active profile set, falling back to 1 default profile: "default"
2025-10-02T16:33:10.053+05:30  INFO 16800 --- [scm2.0] [           main] .s.d.r.c.RepositoryConfigurationDelegate : Bootstrapping Spring Data JPA repositories in DEFAULT mode.
2025-10-02T16:33:10.248+05:30  INFO 16800 --- [scm2.0] [           main] .s.d.r.c.RepositoryConfigurationDelegate : Finished Spring Data repository scanning in 171 ms. Found 1 JPA repository interface.
2025-10-02T16:33:11.619+05:30  INFO 16800 --- [scm2.0] [           main] o.hibernate.jpa.internal.util.LogHelper  : HHH000204: Processing PersistenceUnitInfo [name: default]
2025-10-02T16:33:11.887+05:30  INFO 16800 --- [scm2.0] [           main] org.hibernate.Version                    : HHH000412: Hibernate ORM core version 6.5.2.Final
2025-10-02T16:33:12.016+05:30  INFO 16800 --- [scm2.0] [           main] o.h.c.internal.RegionFactoryInitiator    : HHH000026: Second-level cache disabled
2025-10-02T16:33:12.378+05:30 DEBUG 16800 --- [scm2.0] [           main] org.hibernate.type.BasicTypeRegistry     : Adding type registration boolean -> org.hibernate.type.BasicTypeReference@46b2dcc5
2025-10-02T16:33:12.379+05:30 DEBUG 16800 --- [scm2.0] [           main] org.hibernate.type.BasicTypeRegistry     : Adding type registration boolean -> org.hibernate.type.BasicTypeReference@46b2dcc5
2025-10-02T16:33:12.379+05:30 DEBUG 16800 --- [scm2.0] [           main] org.hibernate.type.BasicTypeRegistry     : Adding type registration java.lang.Boolean -> org.hibernate.type.BasicTypeReference@46b2dcc5
2025-10-02T16:33:12.380+05:30 DEBUG 16800 --- [scm2.0] [           main] org.hibernate.type.BasicTypeRegistry     : Adding type registration numeric_boolean -> org.hibernate.type.BasicTypeReference@240f350a
2025-10-02T16:33:12.380+05:30 DEBUG 16800 --- [scm2.0] [           main] org.hibernate.type.BasicTypeRegistry     : Adding type registration org.hibernate.type.NumericBooleanConverter -> org.hibernate.type.BasicTypeReference@240f350a
2025-10-02T16:33:12.381+05:30 DEBUG 16800 --- [scm2.0] [           main] org.hibernate.type.BasicTypeRegistry     : Adding type registration true_false -> org.hibernate.type.BasicTypeReference@706f6d26
2025-10-02T16:33:12.381+05:30 DEBUG 16800 --- [scm2.0] [           main] org.hibernate.type.BasicTypeRegistry     : Adding type registration org.hibernate.type.TrueFalseConverter -> org.hibernate.type.BasicTypeReference@706f6d26
2025-10-02T16:33:12.382+05:30 DEBUG 16800 --- [scm2.0] [           main] org.hibernate.type.BasicTypeRegistry     : Adding type registration yes_no -> org.hibernate.type.BasicTypeReference@3af2f846
2025-10-02T16:33:12.382+05:30 DEBUG 16800 --- [scm2.0] [           main] org.hibernate.type.BasicTypeRegistry     : Adding type registration org.hibernate.type.YesNoConverter -> org.hibernate.type.BasicTypeReference@3af2f846
2025-10-02T16:33:12.383+05:30 DEBUG 16800 --- [scm2.0] [           main] org.hibernate.type.BasicTypeRegistry     : Adding type registration byte -> org.hibernate.type.BasicTypeReference@6af65f29
2025-10-02T16:33:12.384+05:30 DEBUG 16800 --- [scm2.0] [           main] org.hibernate.type.BasicTypeRegistry     : Adding type registration byte -> org.hibernate.type.BasicTypeReference@6af65f29
2025-10-02T16:33:12.384+05:30 DEBUG 16800 --- [scm2.0] [           main] org.hibernate.type.BasicTypeRegistry     : Adding type registration java.lang.Byte -> org.hibernate.type.BasicTypeReference@6af65f29
2025-10-02T16:33:12.385+05:30 DEBUG 16800 --- [scm2.0] [           main] org.hibernate.type.BasicTypeRegistry     : Adding type registration binary -> org.hibernate.type.BasicTypeReference@370c9018
2025-10-02T16:33:12.386+05:30 DEBUG 16800 --- [scm2.0] [           main] org.hibernate.type.BasicTypeRegistry     : Adding type registration byte[] -> org.hibernate.type.BasicTypeReference@370c9018
2025-10-02T16:33:12.386+05:30 DEBUG 16800 --- [scm2.0] [           main] org.hibernate.type.BasicTypeRegistry     : Adding type registration [B -> org.hibernate.type.BasicTypeReference@370c9018
2025-10-02T16:33:12.387+05:30 DEBUG 16800 --- [scm2.0] [           main] org.hibernate.type.BasicTypeRegistry     : Adding type registration binary_wrapper -> org.hibernate.type.BasicTypeReference@49cb3881
2025-10-02T16:33:12.388+05:30 DEBUG 16800 --- [scm2.0] [           main] org.hibernate.type.BasicTypeRegistry     : Adding type registration wrapper-binary -> org.hibernate.type.BasicTypeReference@49cb3881
2025-10-02T16:33:12.388+05:30 DEBUG 16800 --- [scm2.0] [           main] org.hibernate.type.BasicTypeRegistry     : Adding type registration image -> org.hibernate.type.BasicTypeReference@1a14fdf0
2025-10-02T16:33:12.389+05:30 DEBUG 16800 --- [scm2.0] [           main] org.hibernate.type.BasicTypeRegistry     : Adding type registration blob -> org.hibernate.type.BasicTypeReference@284bdeed
2025-10-02T16:33:12.389+05:30 DEBUG 16800 --- [scm2.0] [           main] org.hibernate.type.BasicTypeRegistry     : Adding type registration java.sql.Blob -> org.hibernate.type.BasicTypeReference@284bdeed
2025-10-02T16:33:12.390+05:30 DEBUG 16800 --- [scm2.0] [           main] org.hibernate.type.BasicTypeRegistry     : Adding type registration materialized_blob -> org.hibernate.type.BasicTypeReference@58b311ba
2025-10-02T16:33:12.390+05:30 DEBUG 16800 --- [scm2.0] [           main] org.hibernate.type.BasicTypeRegistry     : Adding type registration materialized_blob_wrapper -> org.hibernate.type.BasicTypeReference@482c351d
2025-10-02T16:33:12.390+05:30 DEBUG 16800 --- [scm2.0] [           main] org.hibernate.type.BasicTypeRegistry     : Adding type registration short -> org.hibernate.type.BasicTypeReference@75eaba95
2025-10-02T16:33:12.391+05:30 DEBUG 16800 --- [scm2.0] [           main] org.hibernate.type.BasicTypeRegistry     : Adding type registration short -> org.hibernate.type.BasicTypeReference@75eaba95
2025-10-02T16:33:12.391+05:30 DEBUG 16800 --- [scm2.0] [           main] org.hibernate.type.BasicTypeRegistry     : Adding type registration java.lang.Short -> org.hibernate.type.BasicTypeReference@75eaba95
2025-10-02T16:33:12.392+05:30 DEBUG 16800 --- [scm2.0] [           main] org.hibernate.type.BasicTypeRegistry     : Adding type registration integer -> org.hibernate.type.BasicTypeReference@320be73
2025-10-02T16:33:12.392+05:30 DEBUG 16800 --- [scm2.0] [           main] org.hibernate.type.BasicTypeRegistry     : Adding type registration int -> org.hibernate.type.BasicTypeReference@320be73
2025-10-02T16:33:12.393+05:30 DEBUG 16800 --- [scm2.0] [           main] org.hibernate.type.BasicTypeRegistry     : Adding type registration java.lang.Integer -> org.hibernate.type.BasicTypeReference@320be73
2025-10-02T16:33:12.394+05:30 DEBUG 16800 --- [scm2.0] [           main] org.hibernate.type.BasicTypeRegistry     : Adding type registration long -> org.hibernate.type.BasicTypeReference@435e416c
2025-10-02T16:33:12.394+05:30 DEBUG 16800 --- [scm2.0] [           main] org.hibernate.type.BasicTypeRegistry     : Adding type registration long -> org.hibernate.type.BasicTypeReference@435e416c
2025-10-02T16:33:12.395+05:30 DEBUG 16800 --- [scm2.0] [           main] org.hibernate.type.BasicTypeRegistry     : Adding type registration java.lang.Long -> org.hibernate.type.BasicTypeReference@435e416c
2025-10-02T16:33:12.395+05:30 DEBUG 16800 --- [scm2.0] [           main] org.hibernate.type.BasicTypeRegistry     : Adding type registration float -> org.hibernate.type.BasicTypeReference@6af310c7
2025-10-02T16:33:12.396+05:30 DEBUG 16800 --- [scm2.0] [           main] org.hibernate.type.BasicTypeRegistry     : Adding type registration float -> org.hibernate.type.BasicTypeReference@6af310c7
2025-10-02T16:33:12.396+05:30 DEBUG 16800 --- [scm2.0] [           main] org.hibernate.type.BasicTypeRegistry     : Adding type registration java.lang.Float -> org.hibernate.type.BasicTypeReference@6af310c7
2025-10-02T16:33:12.396+05:30 DEBUG 16800 --- [scm2.0] [           main] org.hibernate.type.BasicTypeRegistry     : Adding type registration double -> org.hibernate.type.BasicTypeReference@4aed311e
2025-10-02T16:33:12.396+05:30 DEBUG 16800 --- [scm2.0] [           main] org.hibernate.type.BasicTypeRegistry     : Adding type registration double -> org.hibernate.type.BasicTypeReference@4aed311e
2025-10-02T16:33:12.396+05:30 DEBUG 16800 --- [scm2.0] [           main] org.hibernate.type.BasicTypeRegistry     : Adding type registration java.lang.Double -> org.hibernate.type.BasicTypeReference@4aed311e
2025-10-02T16:33:12.398+05:30 DEBUG 16800 --- [scm2.0] [           main] org.hibernate.type.BasicTypeRegistry     : Adding type registration big_integer -> org.hibernate.type.BasicTypeReference@4c38cd16
2025-10-02T16:33:12.399+05:30 DEBUG 16800 --- [scm2.0] [           main] org.hibernate.type.BasicTypeRegistry     : Adding type registration java.math.BigInteger -> org.hibernate.type.BasicTypeReference@4c38cd16
2025-10-02T16:33:12.399+05:30 DEBUG 16800 --- [scm2.0] [           main] org.hibernate.type.BasicTypeRegistry     : Adding type registration big_decimal -> org.hibernate.type.BasicTypeReference@7ddcb0dc
2025-10-02T16:33:12.400+05:30 DEBUG 16800 --- [scm2.0] [           main] org.hibernate.type.BasicTypeRegistry     : Adding type registration java.math.BigDecimal -> org.hibernate.type.BasicTypeReference@7ddcb0dc
2025-10-02T16:33:12.401+05:30 DEBUG 16800 --- [scm2.0] [           main] org.hibernate.type.BasicTypeRegistry     : Adding type registration character -> org.hibernate.type.BasicTypeReference@f5bf288
2025-10-02T16:33:12.401+05:30 DEBUG 16800 --- [scm2.0] [           main] org.hibernate.type.BasicTypeRegistry     : Adding type registration char -> org.hibernate.type.BasicTypeReference@f5bf288
2025-10-02T16:33:12.401+05:30 DEBUG 16800 --- [scm2.0] [           main] org.hibernate.type.BasicTypeRegistry     : Adding type registration java.lang.Character -> org.hibernate.type.BasicTypeReference@f5bf288
2025-10-02T16:33:12.401+05:30 DEBUG 16800 --- [scm2.0] [           main] org.hibernate.type.BasicTypeRegistry     : Adding type registration character_nchar -> org.hibernate.type.BasicTypeReference@2c1d57bc
2025-10-02T16:33:12.402+05:30 DEBUG 16800 --- [scm2.0] [           main] org.hibernate.type.BasicTypeRegistry     : Adding type registration string -> org.hibernate.type.BasicTypeReference@26c77f54
2025-10-02T16:33:12.402+05:30 DEBUG 16800 --- [scm2.0] [           main] org.hibernate.type.BasicTypeRegistry     : Adding type registration java.lang.String -> org.hibernate.type.BasicTypeReference@26c77f54
2025-10-02T16:33:12.402+05:30 DEBUG 16800 --- [scm2.0] [           main] org.hibernate.type.BasicTypeRegistry     : Adding type registration nstring -> org.hibernate.type.BasicTypeReference@3e856100
2025-10-02T16:33:12.402+05:30 DEBUG 16800 --- [scm2.0] [           main] org.hibernate.type.BasicTypeRegistry     : Adding type registration characters -> org.hibernate.type.BasicTypeReference@6e9a0bea
2025-10-02T16:33:12.403+05:30 DEBUG 16800 --- [scm2.0] [           main] org.hibernate.type.BasicTypeRegistry     : Adding type registration char[] -> org.hibernate.type.BasicTypeReference@6e9a0bea
2025-10-02T16:33:12.403+05:30 DEBUG 16800 --- [scm2.0] [           main] org.hibernate.type.BasicTypeRegistry     : Adding type registration [C -> org.hibernate.type.BasicTypeReference@6e9a0bea
2025-10-02T16:33:12.403+05:30 DEBUG 16800 --- [scm2.0] [           main] org.hibernate.type.BasicTypeRegistry     : Adding type registration wrapper-characters -> org.hibernate.type.BasicTypeReference@28fc1132
2025-10-02T16:33:12.404+05:30 DEBUG 16800 --- [scm2.0] [           main] org.hibernate.type.BasicTypeRegistry     : Adding type registration text -> org.hibernate.type.BasicTypeReference@355ce6a6
2025-10-02T16:33:12.404+05:30 DEBUG 16800 --- [scm2.0] [           main] org.hibernate.type.BasicTypeRegistry     : Adding type registration ntext -> org.hibernate.type.BasicTypeReference@20440c6c
2025-10-02T16:33:12.404+05:30 DEBUG 16800 --- [scm2.0] [           main] org.hibernate.type.BasicTypeRegistry     : Adding type registration clob -> org.hibernate.type.BasicTypeReference@1e3f86d5
2025-10-02T16:33:12.404+05:30 DEBUG 16800 --- [scm2.0] [           main] org.hibernate.type.BasicTypeRegistry     : Adding type registration java.sql.Clob -> org.hibernate.type.BasicTypeReference@1e3f86d5
2025-10-02T16:33:12.404+05:30 DEBUG 16800 --- [scm2.0] [           main] org.hibernate.type.BasicTypeRegistry     : Adding type registration nclob -> org.hibernate.type.BasicTypeReference@560271a1
2025-10-02T16:33:12.405+05:30 DEBUG 16800 --- [scm2.0] [           main] org.hibernate.type.BasicTypeRegistry     : Adding type registration java.sql.NClob -> org.hibernate.type.BasicTypeReference@560271a1
2025-10-02T16:33:12.405+05:30 DEBUG 16800 --- [scm2.0] [           main] org.hibernate.type.BasicTypeRegistry     : Adding type registration materialized_clob -> org.hibernate.type.BasicTypeReference@4b9c411
2025-10-02T16:33:12.405+05:30 DEBUG 16800 --- [scm2.0] [           main] org.hibernate.type.BasicTypeRegistry     : Adding type registration materialized_clob_char_array -> org.hibernate.type.BasicTypeReference@41e9f86
2025-10-02T16:33:12.405+05:30 DEBUG 16800 --- [scm2.0] [           main] org.hibernate.type.BasicTypeRegistry     : Adding type registration materialized_clob_character_array -> org.hibernate.type.BasicTypeReference@66f5b8fe
2025-10-02T16:33:12.406+05:30 DEBUG 16800 --- [scm2.0] [           main] org.hibernate.type.BasicTypeRegistry     : Adding type registration materialized_nclob -> org.hibernate.type.BasicTypeReference@233f52f8
2025-10-02T16:33:12.406+05:30 DEBUG 16800 --- [scm2.0] [           main] org.hibernate.type.BasicTypeRegistry     : Adding type registration materialized_nclob_character_array -> org.hibernate.type.BasicTypeReference@69ec93c2
2025-10-02T16:33:12.406+05:30 DEBUG 16800 --- [scm2.0] [           main] org.hibernate.type.BasicTypeRegistry     : Adding type registration materialized_nclob_char_array -> org.hibernate.type.BasicTypeReference@19fec3d6
2025-10-02T16:33:12.406+05:30 DEBUG 16800 --- [scm2.0] [           main] org.hibernate.type.BasicTypeRegistry     : Adding type registration Duration -> org.hibernate.type.BasicTypeReference@5287ba5f
2025-10-02T16:33:12.406+05:30 DEBUG 16800 --- [scm2.0] [           main] org.hibernate.type.BasicTypeRegistry     : Adding type registration java.time.Duration -> org.hibernate.type.BasicTypeReference@5287ba5f
2025-10-02T16:33:12.407+05:30 DEBUG 16800 --- [scm2.0] [           main] org.hibernate.type.BasicTypeRegistry     : Adding type registration LocalDateTime -> org.hibernate.type.BasicTypeReference@b768a65
2025-10-02T16:33:12.407+05:30 DEBUG 16800 --- [scm2.0] [           main] org.hibernate.type.BasicTypeRegistry     : Adding type registration java.time.LocalDateTime -> org.hibernate.type.BasicTypeReference@b768a65
2025-10-02T16:33:12.407+05:30 DEBUG 16800 --- [scm2.0] [           main] org.hibernate.type.BasicTypeRegistry     : Adding type registration LocalDate -> org.hibernate.type.BasicTypeReference@6897a4a
2025-10-02T16:33:12.407+05:30 DEBUG 16800 --- [scm2.0] [           main] org.hibernate.type.BasicTypeRegistry     : Adding type registration java.time.LocalDate -> org.hibernate.type.BasicTypeReference@6897a4a
2025-10-02T16:33:12.409+05:30 DEBUG 16800 --- [scm2.0] [           main] org.hibernate.type.BasicTypeRegistry     : Adding type registration LocalTime -> org.hibernate.type.BasicTypeReference@6986f93e
2025-10-02T16:33:12.409+05:30 DEBUG 16800 --- [scm2.0] [           main] org.hibernate.type.BasicTypeRegistry     : Adding type registration java.time.LocalTime -> org.hibernate.type.BasicTypeReference@6986f93e
2025-10-02T16:33:12.410+05:30 DEBUG 16800 --- [scm2.0] [           main] org.hibernate.type.BasicTypeRegistry     : Adding type registration OffsetDateTime -> org.hibernate.type.BasicTypeReference@6bce313
2025-10-02T16:33:12.410+05:30 DEBUG 16800 --- [scm2.0] [           main] org.hibernate.type.BasicTypeRegistry     : Adding type registration java.time.OffsetDateTime -> org.hibernate.type.BasicTypeReference@6bce313
2025-10-02T16:33:12.411+05:30 DEBUG 16800 --- [scm2.0] [           main] org.hibernate.type.BasicTypeRegistry     : Adding type registration OffsetDateTimeWithTimezone -> org.hibernate.type.BasicTypeReference@39266403
2025-10-02T16:33:12.411+05:30 DEBUG 16800 --- [scm2.0] [           main] org.hibernate.type.BasicTypeRegistry     : Adding type registration OffsetDateTimeWithoutTimezone -> org.hibernate.type.BasicTypeReference@74b00247
2025-10-02T16:33:12.411+05:30 DEBUG 16800 --- [scm2.0] [           main] org.hibernate.type.BasicTypeRegistry     : Adding type registration OffsetTime -> org.hibernate.type.BasicTypeReference@2aa14ae6
2025-10-02T16:33:12.412+05:30 DEBUG 16800 --- [scm2.0] [           main] org.hibernate.type.BasicTypeRegistry     : Adding type registration java.time.OffsetTime -> org.hibernate.type.BasicTypeReference@2aa14ae6
2025-10-02T16:33:12.412+05:30 DEBUG 16800 --- [scm2.0] [           main] org.hibernate.type.BasicTypeRegistry     : Adding type registration OffsetTimeUtc -> org.hibernate.type.BasicTypeReference@4be490da
2025-10-02T16:33:12.413+05:30 DEBUG 16800 --- [scm2.0] [           main] org.hibernate.type.BasicTypeRegistry     : Adding type registration OffsetTimeWithTimezone -> org.hibernate.type.BasicTypeReference@4168f3d9
2025-10-02T16:33:12.413+05:30 DEBUG 16800 --- [scm2.0] [           main] org.hibernate.type.BasicTypeRegistry     : Adding type registration OffsetTimeWithoutTimezone -> org.hibernate.type.BasicTypeReference@353e6389
2025-10-02T16:33:12.413+05:30 DEBUG 16800 --- [scm2.0] [           main] org.hibernate.type.BasicTypeRegistry     : Adding type registration ZonedDateTime -> org.hibernate.type.BasicTypeReference@15e8f9b2
2025-10-02T16:33:12.413+05:30 DEBUG 16800 --- [scm2.0] [           main] org.hibernate.type.BasicTypeRegistry     : Adding type registration java.time.ZonedDateTime -> org.hibernate.type.BasicTypeReference@15e8f9b2
2025-10-02T16:33:12.414+05:30 DEBUG 16800 --- [scm2.0] [           main] org.hibernate.type.BasicTypeRegistry     : Adding type registration ZonedDateTimeWithTimezone -> org.hibernate.type.BasicTypeReference@7a65c995
2025-10-02T16:33:12.414+05:30 DEBUG 16800 --- [scm2.0] [           main] org.hibernate.type.BasicTypeRegistry     : Adding type registration ZonedDateTimeWithoutTimezone -> org.hibernate.type.BasicTypeReference@7c950b3b
2025-10-02T16:33:12.415+05:30 DEBUG 16800 --- [scm2.0] [           main] org.hibernate.type.BasicTypeRegistry     : Adding type registration date -> org.hibernate.type.BasicTypeReference@3af10d0b
2025-10-02T16:33:12.415+05:30 DEBUG 16800 --- [scm2.0] [           main] org.hibernate.type.BasicTypeRegistry     : Adding type registration java.sql.Date -> org.hibernate.type.BasicTypeReference@3af10d0b
2025-10-02T16:33:12.415+05:30 DEBUG 16800 --- [scm2.0] [           main] org.hibernate.type.BasicTypeRegistry     : Adding type registration time -> org.hibernate.type.BasicTypeReference@6806468e
2025-10-02T16:33:12.416+05:30 DEBUG 16800 --- [scm2.0] [           main] org.hibernate.type.BasicTypeRegistry     : Adding type registration java.sql.Time -> org.hibernate.type.BasicTypeReference@6806468e
2025-10-02T16:33:12.416+05:30 DEBUG 16800 --- [scm2.0] [           main] org.hibernate.type.BasicTypeRegistry     : Adding type registration timestamp -> org.hibernate.type.BasicTypeReference@3c7b137a
2025-10-02T16:33:12.416+05:30 DEBUG 16800 --- [scm2.0] [           main] org.hibernate.type.BasicTypeRegistry     : Adding type registration java.sql.Timestamp -> org.hibernate.type.BasicTypeReference@3c7b137a
2025-10-02T16:33:12.417+05:30 DEBUG 16800 --- [scm2.0] [           main] org.hibernate.type.BasicTypeRegistry     : Adding type registration java.util.Date -> org.hibernate.type.BasicTypeReference@3c7b137a
2025-10-02T16:33:12.417+05:30 DEBUG 16800 --- [scm2.0] [           main] org.hibernate.type.BasicTypeRegistry     : Adding type registration calendar -> org.hibernate.type.BasicTypeReference@68631b1d
2025-10-02T16:33:12.417+05:30 DEBUG 16800 --- [scm2.0] [           main] org.hibernate.type.BasicTypeRegistry     : Adding type registration java.util.Calendar -> org.hibernate.type.BasicTypeReference@68631b1d
2025-10-02T16:33:12.417+05:30 DEBUG 16800 --- [scm2.0] [           main] org.hibernate.type.BasicTypeRegistry     : Adding type registration java.util.GregorianCalendar -> org.hibernate.type.BasicTypeReference@68631b1d
2025-10-02T16:33:12.418+05:30 DEBUG 16800 --- [scm2.0] [           main] org.hibernate.type.BasicTypeRegistry     : Adding type registration calendar_date -> org.hibernate.type.BasicTypeReference@5a48da4f
2025-10-02T16:33:12.418+05:30 DEBUG 16800 --- [scm2.0] [           main] org.hibernate.type.BasicTypeRegistry     : Adding type registration calendar_time -> org.hibernate.type.BasicTypeReference@a0c5be
2025-10-02T16:33:12.419+05:30 DEBUG 16800 --- [scm2.0] [           main] org.hibernate.type.BasicTypeRegistry     : Adding type registration instant -> org.hibernate.type.BasicTypeReference@6424e613
2025-10-02T16:33:12.419+05:30 DEBUG 16800 --- [scm2.0] [           main] org.hibernate.type.BasicTypeRegistry     : Adding type registration java.time.Instant -> org.hibernate.type.BasicTypeReference@6424e613
2025-10-02T16:33:12.419+05:30 DEBUG 16800 --- [scm2.0] [           main] org.hibernate.type.BasicTypeRegistry     : Adding type registration uuid -> org.hibernate.type.BasicTypeReference@14efa279
2025-10-02T16:33:12.420+05:30 DEBUG 16800 --- [scm2.0] [           main] org.hibernate.type.BasicTypeRegistry     : Adding type registration java.util.UUID -> org.hibernate.type.BasicTypeReference@14efa279
2025-10-02T16:33:12.420+05:30 DEBUG 16800 --- [scm2.0] [           main] org.hibernate.type.BasicTypeRegistry     : Adding type registration pg-uuid -> org.hibernate.type.BasicTypeReference@14efa279
2025-10-02T16:33:12.420+05:30 DEBUG 16800 --- [scm2.0] [           main] org.hibernate.type.BasicTypeRegistry     : Adding type registration uuid-binary -> org.hibernate.type.BasicTypeReference@8e99809
2025-10-02T16:33:12.420+05:30 DEBUG 16800 --- [scm2.0] [           main] org.hibernate.type.BasicTypeRegistry     : Adding type registration uuid-char -> org.hibernate.type.BasicTypeReference@e62319f
2025-10-02T16:33:12.421+05:30 DEBUG 16800 --- [scm2.0] [           main] org.hibernate.type.BasicTypeRegistry     : Adding type registration class -> org.hibernate.type.BasicTypeReference@4d354a3e
2025-10-02T16:33:12.421+05:30 DEBUG 16800 --- [scm2.0] [           main] org.hibernate.type.BasicTypeRegistry     : Adding type registration java.lang.Class -> org.hibernate.type.BasicTypeReference@4d354a3e
2025-10-02T16:33:12.422+05:30 DEBUG 16800 --- [scm2.0] [           main] org.hibernate.type.BasicTypeRegistry     : Adding type registration currency -> org.hibernate.type.BasicTypeReference@24a0c58b
2025-10-02T16:33:12.422+05:30 DEBUG 16800 --- [scm2.0] [           main] org.hibernate.type.BasicTypeRegistry     : Adding type registration Currency -> org.hibernate.type.BasicTypeReference@24a0c58b
2025-10-02T16:33:12.423+05:30 DEBUG 16800 --- [scm2.0] [           main] org.hibernate.type.BasicTypeRegistry     : Adding type registration java.util.Currency -> org.hibernate.type.BasicTypeReference@24a0c58b
2025-10-02T16:33:12.423+05:30 DEBUG 16800 --- [scm2.0] [           main] org.hibernate.type.BasicTypeRegistry     : Adding type registration locale -> org.hibernate.type.BasicTypeReference@604d28c6
2025-10-02T16:33:12.424+05:30 DEBUG 16800 --- [scm2.0] [           main] org.hibernate.type.BasicTypeRegistry     : Adding type registration java.util.Locale -> org.hibernate.type.BasicTypeReference@604d28c6
2025-10-02T16:33:12.424+05:30 DEBUG 16800 --- [scm2.0] [           main] org.hibernate.type.BasicTypeRegistry     : Adding type registration serializable -> org.hibernate.type.BasicTypeReference@7f3c0399
2025-10-02T16:33:12.425+05:30 DEBUG 16800 --- [scm2.0] [           main] org.hibernate.type.BasicTypeRegistry     : Adding type registration java.io.Serializable -> org.hibernate.type.BasicTypeReference@7f3c0399
2025-10-02T16:33:12.425+05:30 DEBUG 16800 --- [scm2.0] [           main] org.hibernate.type.BasicTypeRegistry     : Adding type registration timezone -> org.hibernate.type.BasicTypeReference@183fc2fa
2025-10-02T16:33:12.426+05:30 DEBUG 16800 --- [scm2.0] [           main] org.hibernate.type.BasicTypeRegistry     : Adding type registration java.util.TimeZone -> org.hibernate.type.BasicTypeReference@183fc2fa
2025-10-02T16:33:12.426+05:30 DEBUG 16800 --- [scm2.0] [           main] org.hibernate.type.BasicTypeRegistry     : Adding type registration ZoneOffset -> org.hibernate.type.BasicTypeReference@3a11c0eb
2025-10-02T16:33:12.426+05:30 DEBUG 16800 --- [scm2.0] [           main] org.hibernate.type.BasicTypeRegistry     : Adding type registration java.time.ZoneOffset -> org.hibernate.type.BasicTypeReference@3a11c0eb
2025-10-02T16:33:12.427+05:30 DEBUG 16800 --- [scm2.0] [           main] org.hibernate.type.BasicTypeRegistry     : Adding type registration url -> org.hibernate.type.BasicTypeReference@3313d477
2025-10-02T16:33:12.428+05:30 DEBUG 16800 --- [scm2.0] [           main] org.hibernate.type.BasicTypeRegistry     : Adding type registration java.net.URL -> org.hibernate.type.BasicTypeReference@3313d477
2025-10-02T16:33:12.428+05:30 DEBUG 16800 --- [scm2.0] [           main] org.hibernate.type.BasicTypeRegistry     : Adding type registration vector -> org.hibernate.type.BasicTypeReference@2c2c3947
2025-10-02T16:33:12.430+05:30 DEBUG 16800 --- [scm2.0] [           main] org.hibernate.type.BasicTypeRegistry     : Adding type registration row_version -> org.hibernate.type.BasicTypeReference@4a62062a
2025-10-02T16:33:12.438+05:30 DEBUG 16800 --- [scm2.0] [           main] org.hibernate.type.BasicTypeRegistry     : Adding type registration object -> org.hibernate.type.JavaObjectType@57186526
2025-10-02T16:33:12.438+05:30 DEBUG 16800 --- [scm2.0] [           main] org.hibernate.type.BasicTypeRegistry     : Adding type registration java.lang.Object -> org.hibernate.type.JavaObjectType@57186526
2025-10-02T16:33:12.441+05:30 DEBUG 16800 --- [scm2.0] [           main] org.hibernate.type.BasicTypeRegistry     : Adding type registration null -> org.hibernate.type.NullType@3b088163
2025-10-02T16:33:12.441+05:30 DEBUG 16800 --- [scm2.0] [           main] org.hibernate.type.BasicTypeRegistry     : Adding type registration imm_date -> org.hibernate.type.BasicTypeReference@75882261
2025-10-02T16:33:12.442+05:30 DEBUG 16800 --- [scm2.0] [           main] org.hibernate.type.BasicTypeRegistry     : Adding type registration imm_time -> org.hibernate.type.BasicTypeReference@611d0763
2025-10-02T16:33:12.442+05:30 DEBUG 16800 --- [scm2.0] [           main] org.hibernate.type.BasicTypeRegistry     : Adding type registration imm_timestamp -> org.hibernate.type.BasicTypeReference@615efd1c
2025-10-02T16:33:12.442+05:30 DEBUG 16800 --- [scm2.0] [           main] org.hibernate.type.BasicTypeRegistry     : Adding type registration imm_calendar -> org.hibernate.type.BasicTypeReference@1e226bcd
2025-10-02T16:33:12.443+05:30 DEBUG 16800 --- [scm2.0] [           main] org.hibernate.type.BasicTypeRegistry     : Adding type registration imm_calendar_date -> org.hibernate.type.BasicTypeReference@2a8dd942
2025-10-02T16:33:12.444+05:30 DEBUG 16800 --- [scm2.0] [           main] org.hibernate.type.BasicTypeRegistry     : Adding type registration imm_calendar_time -> org.hibernate.type.BasicTypeReference@2322e56f
2025-10-02T16:33:12.444+05:30 DEBUG 16800 --- [scm2.0] [           main] org.hibernate.type.BasicTypeRegistry     : Adding type registration imm_binary -> org.hibernate.type.BasicTypeReference@35025a0a
2025-10-02T16:33:12.444+05:30 DEBUG 16800 --- [scm2.0] [           main] org.hibernate.type.BasicTypeRegistry     : Adding type registration imm_serializable -> org.hibernate.type.BasicTypeReference@38732364
2025-10-02T16:33:13.092+05:30  INFO 16800 --- [scm2.0] [           main] o.s.o.j.p.SpringPersistenceUnitInfo      : No LoadTimeWeaver setup: ignoring JPA class transformer
2025-10-02T16:33:13.187+05:30  INFO 16800 --- [scm2.0] [           main] com.zaxxer.hikari.HikariDataSource       : HikariPool-1 - Starting...
2025-10-02T16:33:13.708+05:30  INFO 16800 --- [scm2.0] [           main] com.zaxxer.hikari.pool.HikariPool        : HikariPool-1 - Added connection org.postgresql.jdbc.PgConnection@4be12f6c
2025-10-02T16:33:13.713+05:30  INFO 16800 --- [scm2.0] [           main] com.zaxxer.hikari.HikariDataSource       : HikariPool-1 - Start completed.
2025-10-02T16:33:13.803+05:30  WARN 16800 --- [scm2.0] [           main] org.hibernate.orm.deprecation            : HHH90000025: PostgreSQLDialect does not need to be specified explicitly using 'hibernate.dialect' (remove the property setting and it will be selected by default)
2025-10-02T16:33:13.881+05:30 DEBUG 16800 --- [scm2.0] [           main] o.h.t.d.sql.spi.DdlTypeRegistry          : addDescriptor(2003, org.hibernate.type.descriptor.sql.internal.ArrayDdlTypeImpl@58f7215c) replaced previous registration(org.hibernate.type.descriptor.sql.internal.ArrayDdlTypeImpl@55638165)
2025-10-02T16:33:13.881+05:30 DEBUG 16800 --- [scm2.0] [           main] o.h.t.d.sql.spi.DdlTypeRegistry          : addDescriptor(6, org.hibernate.type.descriptor.sql.internal.CapacityDependentDdlType@4fa91d5b) replaced previous registration(org.hibernate.type.descriptor.sql.internal.DdlTypeImpl@7ce30c0b)
2025-10-02T16:33:13.890+05:30 DEBUG 16800 --- [scm2.0] [           main] o.h.t.d.jdbc.spi.JdbcTypeRegistry        : addDescriptor(2004, BlobTypeDescriptor(BLOB_BINDING)) replaced previous registration(BlobTypeDescriptor(DEFAULT))
2025-10-02T16:33:13.890+05:30 DEBUG 16800 --- [scm2.0] [           main] o.h.t.d.jdbc.spi.JdbcTypeRegistry        : addDescriptor(2005, ClobTypeDescriptor(CLOB_BINDING)) replaced previous registration(ClobTypeDescriptor(DEFAULT))
2025-10-02T16:33:13.912+05:30 DEBUG 16800 --- [scm2.0] [           main] org.hibernate.type.BasicTypeRegistry     : Adding type registration JAVA_OBJECT -> org.hibernate.type.JavaObjectType@10745a02
2025-10-02T16:33:13.912+05:30 DEBUG 16800 --- [scm2.0] [           main] org.hibernate.type.BasicTypeRegistry     : Adding type registration java.lang.Object -> org.hibernate.type.JavaObjectType@10745a02
2025-10-02T16:33:13.913+05:30 DEBUG 16800 --- [scm2.0] [           main] org.hibernate.type.BasicTypeRegistry     : Type registration key [java.lang.Object] overrode previous entry : `org.hibernate.type.JavaObjectType@57186526`
2025-10-02T16:33:13.928+05:30 DEBUG 16800 --- [scm2.0] [           main] org.hibernate.type.BasicTypeRegistry     : Adding type registration org.hibernate.type.DurationType -> basicType@1(java.time.Duration,3015)
2025-10-02T16:33:13.929+05:30 DEBUG 16800 --- [scm2.0] [           main] org.hibernate.type.BasicTypeRegistry     : Adding type registration Duration -> basicType@1(java.time.Duration,3015)
2025-10-02T16:33:13.929+05:30 DEBUG 16800 --- [scm2.0] [           main] org.hibernate.type.BasicTypeRegistry     : Adding type registration java.time.Duration -> basicType@1(java.time.Duration,3015)
2025-10-02T16:33:13.951+05:30 DEBUG 16800 --- [scm2.0] [           main] org.hibernate.type.BasicTypeRegistry     : Adding type registration org.hibernate.type.OffsetDateTimeType -> basicType@2(java.time.OffsetDateTime,3003)
2025-10-02T16:33:13.951+05:30 DEBUG 16800 --- [scm2.0] [           main] org.hibernate.type.BasicTypeRegistry     : Adding type registration OffsetDateTime -> basicType@2(java.time.OffsetDateTime,3003)
2025-10-02T16:33:13.951+05:30 DEBUG 16800 --- [scm2.0] [           main] org.hibernate.type.BasicTypeRegistry     : Adding type registration java.time.OffsetDateTime -> basicType@2(java.time.OffsetDateTime,3003)
2025-10-02T16:33:13.951+05:30 DEBUG 16800 --- [scm2.0] [           main] org.hibernate.type.BasicTypeRegistry     : Adding type registration org.hibernate.type.ZonedDateTimeType -> basicType@3(java.time.ZonedDateTime,3003)
2025-10-02T16:33:13.951+05:30 DEBUG 16800 --- [scm2.0] [           main] org.hibernate.type.BasicTypeRegistry     : Adding type registration ZonedDateTime -> basicType@3(java.time.ZonedDateTime,3003)
2025-10-02T16:33:13.952+05:30 DEBUG 16800 --- [scm2.0] [           main] org.hibernate.type.BasicTypeRegistry     : Adding type registration java.time.ZonedDateTime -> basicType@3(java.time.ZonedDateTime,3003)
2025-10-02T16:33:13.957+05:30 DEBUG 16800 --- [scm2.0] [           main] org.hibernate.type.BasicTypeRegistry     : Adding type registration org.hibernate.type.OffsetTimeType -> basicType@4(java.time.OffsetTime,3007)
2025-10-02T16:33:13.957+05:30 DEBUG 16800 --- [scm2.0] [           main] org.hibernate.type.BasicTypeRegistry     : Adding type registration OffsetTime -> basicType@4(java.time.OffsetTime,3007)
2025-10-02T16:33:13.958+05:30 DEBUG 16800 --- [scm2.0] [           main] org.hibernate.type.BasicTypeRegistry     : Adding type registration java.time.OffsetTime -> basicType@4(java.time.OffsetTime,3007)
2025-10-02T16:33:13.963+05:30 DEBUG 16800 --- [scm2.0] [           main] o.h.type.spi.TypeConfiguration$Scope     : Scoping TypeConfiguration [org.hibernate.type.spi.TypeConfiguration@2b1a901d] to MetadataBuildingContext [org.hibernate.boot.internal.MetadataBuildingContextRootImpl@11bdab37]
2025-10-02T16:33:16.192+05:30  INFO 16800 --- [scm2.0] [           main] o.h.e.t.j.p.i.JtaPlatformInitiator       : HHH000489: No JTA platform available (set 'hibernate.transaction.jta.platform' to enable JTA platform integration)
2025-10-02T16:33:16.194+05:30 DEBUG 16800 --- [scm2.0] [           main] o.h.type.spi.TypeConfiguration$Scope     : Scoping TypeConfiguration [org.hibernate.type.spi.TypeConfiguration@2b1a901d] to SessionFactoryImplementor [org.hibernate.internal.SessionFactoryImpl@1e75af65]
2025-10-02T16:33:16.410+05:30 TRACE 16800 --- [scm2.0] [           main] o.h.type.spi.TypeConfiguration$Scope     : Handling #sessionFactoryCreated from [org.hibernate.internal.SessionFactoryImpl@1e75af65] for TypeConfiguration
2025-10-02T16:33:16.411+05:30  INFO 16800 --- [scm2.0] [           main] j.LocalContainerEntityManagerFactoryBean : Initialized JPA EntityManagerFactory for persistence unit 'default'
2025-10-02T16:33:17.628+05:30  WARN 16800 --- [scm2.0] [           main] JpaBaseConfiguration$JpaWebConfiguration : spring.jpa.open-in-view is enabled by default. Therefore, database queries may be performed during view rendering. Explicitly configure spring.jpa.open-in-view to disable this warning
2025-10-02T16:33:17.941+05:30  INFO 16800 --- [scm2.0] [           main] eAuthenticationProviderManagerConfigurer : Global AuthenticationManager configured with AuthenticationProvider bean with name authenticationProvider
2025-10-02T16:33:17.943+05:30  WARN 16800 --- [scm2.0] [           main] r$InitializeUserDetailsManagerConfigurer : Global AuthenticationManager configured with an AuthenticationProvider bean. UserDetailsService beans will not be used for username/password login. Consider removing the AuthenticationProvider bean. Alternatively, consider using the UserDetailsService in a manually instantiated DaoAuthenticationProvider.
2025-10-02T16:33:18.215+05:30  INFO 16800 --- [scm2.0] [           main] o.s.b.a.w.s.WelcomePageHandlerMapping    : Adding welcome page template: index
2025-10-02T16:33:20.213+05:30  INFO 16800 --- [scm2.0] [           main] com.scm.ApplicationTests                 : Started ApplicationTests in 12.814 seconds (process running for 15.321)
]]></system-out>
  </testcase>
</testsuite>