<?xml version="1.0" encoding="UTF-8"?>
<testsuite xmlns:xsi="http://www.w3.org/2001/XMLSchema-instance" xsi:noNamespaceSchemaLocation="https://maven.apache.org/surefire/maven-surefire-plugin/xsd/surefire-test-report-3.0.xsd" version="3.0" name="com.scm.ApplicationTests" time="16.901" tests="1" errors="0" skipped="0" failures="0">
  <properties>
[...]
</properties>
  <testcase name="contextLoads" classname="com.scm.ApplicationTests" time="0.91">
    <system-out><![CDATA[16:13:46.689 [main] INFO org.springframework.test.context.support.AnnotationConfigContextLoaderUtils -- Could not detect default configuration classes for test class [com.scm.ApplicationTests]: ApplicationTests does not declare any static, non-private, non-final, nested classes annotated with @Configuration.
16:13:46.988 [main] INFO org.springframework.boot.test.context.SpringBootTestContextBootstrapper -- Found @SpringBootConfiguration com.scm.Application for test class com.scm.ApplicationTests
16:13:47.385 [main] INFO org.springframework.boot.devtools.restart.RestartApplicationListener -- Restart disabled due to context in which it is running

  .   ____          _            __ _ _
 /\\ / ___'_ __ _ _(_)_ __  __ _ \ \ \ \
( ( )\___ | '_ | '_| | '_ \/ _` | \ \ \ \
 \\/  ___)| |_)| | | | | || (_| |  ) ) ) )
  '  |____| .__|_| |_|_| |_\__, | / / / /
 =========|_|==============|___/=/_/_/_/

 :: Spring Boot ::                (v3.3.1)

2025-10-02T16:13:48.088+05:30  INFO 3796 --- [scm2.0] [           main] com.scm.ApplicationTests                 : Starting ApplicationTests using Java 17.0.5 with PID 3796 (started by laksh in C:\Users\laksh\OneDrive\Documents\GitHub\StreamLite)
2025-10-02T16:13:48.092+05:30  INFO 3796 --- [scm2.0] [           main] com.scm.ApplicationTests                 : No active profile set, falling back to 1 default profile: "default"
2025-10-02T16:13:50.679+05:30  INFO 3796 --- [scm2.0] [           main] .s.d.r.c.RepositoryConfigurationDelegate : Bootstrapping Spring Data JPA repositories in DEFAULT mode.
2025-10-02T16:13:50.862+05:30  INFO 3796 --- [scm2.0] [           main] .s.d.r.c.RepositoryConfigurationDelegate : Finished Spring Data repository scanning in 156 ms. Found 2 JPA repository interfaces.
2025-10-02T16:13:52.274+05:30  INFO 3796 --- [scm2.0] [           main] o.hibernate.jpa.internal.util.LogHelper  : HHH000204: Processing PersistenceUnitInfo [name: default]
2025-10-02T16:13:52.498+05:30  INFO 3796 --- [scm2.0] [           main] org.hibernate.Version                    : HHH000412: Hibernate ORM core version 6.5.2.Final
2025-10-02T16:13:52.631+05:30  INFO 3796 --- [scm2.0] [           main] o.h.c.internal.RegionFactoryInitiator    : HHH000026: Second-level cache disabled
2025-10-02T16:13:52.965+05:30 DEBUG 3796 --- [scm2.0] [           main] org.hibernate.type.BasicTypeRegistry     : Adding type registration boolean -> org.hibernate.type.BasicTypeReference@1e40fbb3
2025-10-02T16:13:52.966+05:30 DEBUG 3796 --- [scm2.0] [           main] org.hibernate.type.BasicTypeRegistry     : Adding type registration boolean -> org.hibernate.type.BasicTypeReference@1e40fbb3
2025-10-02T16:13:52.966+05:30 DEBUG 3796 --- [scm2.0] [           main] org.hibernate.type.BasicTypeRegistry     : Adding type registration java.lang.Boolean -> org.hibernate.type.BasicTypeReference@1e40fbb3
2025-10-02T16:13:52.967+05:30 DEBUG 3796 --- [scm2.0] [           main] org.hibernate.type.BasicTypeRegistry     : Adding type registration numeric_boolean -> org.hibernate.type.BasicTypeReference@1b560eb0
2025-10-02T16:13:52.967+05:30 DEBUG 3796 --- [scm2.0] [           main] org.hibernate.type.BasicTypeRegistry     : Adding type registration org.hibernate.type.NumericBooleanConverter -> org.hibernate.type.BasicTypeReference@1b560eb0
2025-10-02T16:13:52.967+05:30 DEBUG 3796 --- [scm2.0] [           main] org.hibernate.type.BasicTypeRegistry     : Adding type registration true_false -> org.hibernate.type.BasicTypeReference@9e02f84
2025-10-02T16:13:52.967+05:30 DEBUG 3796 --- [scm2.0] [           main] org.hibernate.type.BasicTypeRegistry     : Adding type registration org.hibernate.type.TrueFalseConverter -> org.hibernate.type.BasicTypeReference@9e02f84
2025-10-02T16:13:52.968+05:30 DEBUG 3796 --- [scm2.0] [           main] org.hibernate.type.BasicTypeRegistry     : Adding type registration yes_no -> org.hibernate.type.BasicTypeReference@1e6060f1
2025-10-02T16:13:52.968+05:30 DEBUG 3796 --- [scm2.0] [           main] org.hibernate.type.BasicTypeRegistry     : Adding type registration org.hibernate.type.YesNoConverter -> org.hibernate.type.BasicTypeReference@1e6060f1
2025-10-02T16:13:52.968+05:30 DEBUG 3796 --- [scm2.0] [           main] org.hibernate.type.BasicTypeRegistry     : Adding type registration byte -> org.hibernate.type.BasicTypeReference@7e49ded
2025-10-02T16:13:52.969+05:30 DEBUG 3796 --- [scm2.0] [           main] org.hibernate.type.BasicTypeRegistry     : Adding type registration byte -> org.hibernate.type.BasicTypeReference@7e49ded
2025-10-02T16:13:52.969+05:30 DEBUG 3796 --- [scm2.0] [           main] org.hibernate.type.BasicTypeRegistry     : Adding type registration java.lang.Byte -> org.hibernate.type.BasicTypeReference@7e49ded
2025-10-02T16:13:52.970+05:30 DEBUG 3796 --- [scm2.0] [           main] org.hibernate.type.BasicTypeRegistry     : Adding type registration binary -> org.hibernate.type.BasicTypeReference@2c6c302f
2025-10-02T16:13:52.971+05:30 DEBUG 3796 --- [scm2.0] [           main] org.hibernate.type.BasicTypeRegistry     : Adding type registration byte[] -> org.hibernate.type.BasicTypeReference@2c6c302f
2025-10-02T16:13:52.972+05:30 DEBUG 3796 --- [scm2.0] [           main] org.hibernate.type.BasicTypeRegistry     : Adding type registration [B -> org.hibernate.type.BasicTypeReference@2c6c302f
2025-10-02T16:13:52.972+05:30 DEBUG 3796 --- [scm2.0] [           main] org.hibernate.type.BasicTypeRegistry     : Adding type registration binary_wrapper -> org.hibernate.type.BasicTypeReference@1a2ac487
2025-10-02T16:13:52.973+05:30 DEBUG 3796 --- [scm2.0] [           main] org.hibernate.type.BasicTypeRegistry     : Adding type registration wrapper-binary -> org.hibernate.type.BasicTypeReference@1a2ac487
2025-10-02T16:13:52.974+05:30 DEBUG 3796 --- [scm2.0] [           main] org.hibernate.type.BasicTypeRegistry     : Adding type registration image -> org.hibernate.type.BasicTypeReference@570a62a5
2025-10-02T16:13:52.974+05:30 DEBUG 3796 --- [scm2.0] [           main] org.hibernate.type.BasicTypeRegistry     : Adding type registration blob -> org.hibernate.type.BasicTypeReference@36224f93
2025-10-02T16:13:52.975+05:30 DEBUG 3796 --- [scm2.0] [           main] org.hibernate.type.BasicTypeRegistry     : Adding type registration java.sql.Blob -> org.hibernate.type.BasicTypeReference@36224f93
2025-10-02T16:13:52.975+05:30 DEBUG 3796 --- [scm2.0] [           main] org.hibernate.type.BasicTypeRegistry     : Adding type registration materialized_blob -> org.hibernate.type.BasicTypeReference@1ee5632d
2025-10-02T16:13:52.975+05:30 DEBUG 3796 --- [scm2.0] [           main] org.hibernate.type.BasicTypeRegistry     : Adding type registration materialized_blob_wrapper -> org.hibernate.type.BasicTypeReference@52a7928a
2025-10-02T16:13:52.975+05:30 DEBUG 3796 --- [scm2.0] [           main] org.hibernate.type.BasicTypeRegistry     : Adding type registration short -> org.hibernate.type.BasicTypeReference@563ccd31
2025-10-02T16:13:52.976+05:30 DEBUG 3796 --- [scm2.0] [           main] org.hibernate.type.BasicTypeRegistry     : Adding type registration short -> org.hibernate.type.BasicTypeReference@563ccd31
2025-10-02T16:13:52.976+05:30 DEBUG 3796 --- [scm2.0] [           main] org.hibernate.type.BasicTypeRegistry     : Adding type registration java.lang.Short -> org.hibernate.type.BasicTypeReference@563ccd31
2025-10-02T16:13:52.976+05:30 DEBUG 3796 --- [scm2.0] [           main] org.hibernate.type.BasicTypeRegistry     : Adding type registration integer -> org.hibernate.type.BasicTypeReference@72465eb2
2025-10-02T16:13:52.977+05:30 DEBUG 3796 --- [scm2.0] [           main] org.hibernate.type.BasicTypeRegistry     : Adding type registration int -> org.hibernate.type.BasicTypeReference@72465eb2
2025-10-02T16:13:52.977+05:30 DEBUG 3796 --- [scm2.0] [           main] org.hibernate.type.BasicTypeRegistry     : Adding type registration java.lang.Integer -> org.hibernate.type.BasicTypeReference@72465eb2
2025-10-02T16:13:52.977+05:30 DEBUG 3796 --- [scm2.0] [           main] org.hibernate.type.BasicTypeRegistry     : Adding type registration long -> org.hibernate.type.BasicTypeReference@478fb7dc
2025-10-02T16:13:52.978+05:30 DEBUG 3796 --- [scm2.0] [           main] org.hibernate.type.BasicTypeRegistry     : Adding type registration long -> org.hibernate.type.BasicTypeReference@478fb7dc
2025-10-02T16:13:52.978+05:30 DEBUG 3796 --- [scm2.0] [           main] org.hibernate.type.BasicTypeRegistry     : Adding type registration java.lang.Long -> org.hibernate.type.BasicTypeReference@478fb7dc
2025-10-02T16:13:52.978+05:30 DEBUG 3796 --- [scm2.0] [           main] org.hibernate.type.BasicTypeRegistry     : Adding type registration float -> org.hibernate.type.BasicTypeReference@29d25e65
2025-10-02T16:13:52.978+05:30 DEBUG 3796 --- [scm2.0] [           main] org.hibernate.type.BasicTypeRegistry     : Adding type registration float -> org.hibernate.type.BasicTypeReference@29d25e65
2025-10-02T16:13:52.979+05:30 DEBUG 3796 --- [scm2.0] [           main] org.hibernate.type.BasicTypeRegistry     : Adding type registration java.lang.Float -> org.hibernate.type.BasicTypeReference@29d25e65
2025-10-02T16:13:52.980+05:30 DEBUG 3796 --- [scm2.0] [           main] org.hibernate.type.BasicTypeRegistry     : Adding type registration double -> org.hibernate.type.BasicTypeReference@19b75b2b
2025-10-02T16:13:52.980+05:30 DEBUG 3796 --- [scm2.0] [           main] org.hibernate.type.BasicTypeRegistry     : Adding type registration double -> org.hibernate.type.BasicTypeReference@19b75b2b
2025-10-02T16:13:52.980+05:30 DEBUG 3796 --- [scm2.0] [           main] org.hibernate.type.BasicTypeRegistry     : Adding type registration java.lang.Double -> org.hibernate.type.BasicTypeReference@19b75b2b
2025-10-02T16:13:52.980+05:30 DEBUG 3796 --- [scm2.0] [           main] org.hibernate.type.BasicTypeRegistry     : Adding type registration big_integer -> org.hibernate.type.BasicTypeReference@59c43561
2025-10-02T16:13:52.981+05:30 DEBUG 3796 --- [scm2.0] [           main] org.hibernate.type.BasicTypeRegistry     : Adding type registration java.math.BigInteger -> org.hibernate.type.BasicTypeReference@59c43561
2025-10-02T16:13:52.981+05:30 DEBUG 3796 --- [scm2.0] [           main] org.hibernate.type.BasicTypeRegistry     : Adding type registration big_decimal -> org.hibernate.type.BasicTypeReference@634f58d2
2025-10-02T16:13:52.982+05:30 DEBUG 3796 --- [scm2.0] [           main] org.hibernate.type.BasicTypeRegistry     : Adding type registration java.math.BigDecimal -> org.hibernate.type.BasicTypeReference@634f58d2
2025-10-02T16:13:52.982+05:30 DEBUG 3796 --- [scm2.0] [           main] org.hibernate.type.BasicTypeRegistry     : Adding type registration character -> org.hibernate.type.BasicTypeReference@585513a8
2025-10-02T16:13:52.983+05:30 DEBUG 3796 --- [scm2.0] [           main] org.hibernate.type.BasicTypeRegistry     : Adding type registration char -> org.hibernate.type.BasicTypeReference@585513a8
2025-10-02T16:13:52.983+05:30 DEBUG 3796 --- [scm2.0] [           main] org.hibernate.type.BasicTypeRegistry     : Adding type registration java.lang.Character -> org.hibernate.type.BasicTypeReference@585513a8
2025-10-02T16:13:52.983+05:30 DEBUG 3796 --- [scm2.0] [           main] org.hibernate.type.BasicTypeRegistry     : Adding type registration character_nchar -> org.hibernate.type.BasicTypeReference@7b18658a
2025-10-02T16:13:52.983+05:30 DEBUG 3796 --- [scm2.0] [           main] org.hibernate.type.BasicTypeRegistry     : Adding type registration string -> org.hibernate.type.BasicTypeReference@30f28b5
2025-10-02T16:13:52.984+05:30 DEBUG 3796 --- [scm2.0] [           main] org.hibernate.type.BasicTypeRegistry     : Adding type registration java.lang.String -> org.hibernate.type.BasicTypeReference@30f28b5
2025-10-02T16:13:52.984+05:30 DEBUG 3796 --- [scm2.0] [           main] org.hibernate.type.BasicTypeRegistry     : Adding type registration nstring -> org.hibernate.type.BasicTypeReference@1a1f79ce
2025-10-02T16:13:52.984+05:30 DEBUG 3796 --- [scm2.0] [           main] org.hibernate.type.BasicTypeRegistry     : Adding type registration characters -> org.hibernate.type.BasicTypeReference@6aa7e176
2025-10-02T16:13:52.985+05:30 DEBUG 3796 --- [scm2.0] [           main] org.hibernate.type.BasicTypeRegistry     : Adding type registration char[] -> org.hibernate.type.BasicTypeReference@6aa7e176
2025-10-02T16:13:52.985+05:30 DEBUG 3796 --- [scm2.0] [           main] org.hibernate.type.BasicTypeRegistry     : Adding type registration [C -> org.hibernate.type.BasicTypeReference@6aa7e176
2025-10-02T16:13:52.985+05:30 DEBUG 3796 --- [scm2.0] [           main] org.hibernate.type.BasicTypeRegistry     : Adding type registration wrapper-characters -> org.hibernate.type.BasicTypeReference@52abed9d
2025-10-02T16:13:52.985+05:30 DEBUG 3796 --- [scm2.0] [           main] org.hibernate.type.BasicTypeRegistry     : Adding type registration text -> org.hibernate.type.BasicTypeReference@281b2dfd
2025-10-02T16:13:52.985+05:30 DEBUG 3796 --- [scm2.0] [           main] org.hibernate.type.BasicTypeRegistry     : Adding type registration ntext -> org.hibernate.type.BasicTypeReference@492be039
2025-10-02T16:13:52.986+05:30 DEBUG 3796 --- [scm2.0] [           main] org.hibernate.type.BasicTypeRegistry     : Adding type registration clob -> org.hibernate.type.BasicTypeReference@1cd2143b
2025-10-02T16:13:52.986+05:30 DEBUG 3796 --- [scm2.0] [           main] org.hibernate.type.BasicTypeRegistry     : Adding type registration java.sql.Clob -> org.hibernate.type.BasicTypeReference@1cd2143b
2025-10-02T16:13:52.986+05:30 DEBUG 3796 --- [scm2.0] [           main] org.hibernate.type.BasicTypeRegistry     : Adding type registration nclob -> org.hibernate.type.BasicTypeReference@1118d539
2025-10-02T16:13:52.986+05:30 DEBUG 3796 --- [scm2.0] [           main] org.hibernate.type.BasicTypeRegistry     : Adding type registration java.sql.NClob -> org.hibernate.type.BasicTypeReference@1118d539
2025-10-02T16:13:52.986+05:30 DEBUG 3796 --- [scm2.0] [           main] org.hibernate.type.BasicTypeRegistry     : Adding type registration materialized_clob -> org.hibernate.type.BasicTypeReference@601d6622
2025-10-02T16:13:52.987+05:30 DEBUG 3796 --- [scm2.0] [           main] org.hibernate.type.BasicTypeRegistry     : Adding type registration materialized_clob_char_array -> org.hibernate.type.BasicTypeReference@76216830
2025-10-02T16:13:52.987+05:30 DEBUG 3796 --- [scm2.0] [           main] org.hibernate.type.BasicTypeRegistry     : Adding type registration materialized_clob_character_array -> org.hibernate.type.BasicTypeReference@7aded903
2025-10-02T16:13:52.987+05:30 DEBUG 3796 --- [scm2.0] [           main] org.hibernate.type.BasicTypeRegistry     : Adding type registration materialized_nclob -> org.hibernate.type.BasicTypeReference@2db86a7c
2025-10-02T16:13:52.987+05:30 DEBUG 3796 --- [scm2.0] [           main] org.hibernate.type.BasicTypeRegistry     : Adding type registration materialized_nclob_character_array -> org.hibernate.type.BasicTypeReference@261f359f
2025-10-02T16:13:52.987+05:30 DEBUG 3796 --- [scm2.0] [           main] org.hibernate.type.BasicTypeRegistry     : Adding type registration materialized_nclob_char_array -> org.hibernate.type.BasicTypeReference@5b02a984
2025-10-02T16:13:52.987+05:30 DEBUG 3796 --- [scm2.0] [           main] org.hibernate.type.BasicTypeRegistry     : Adding type registration Duration -> org.hibernate.type.BasicTypeReference@57186526
2025-10-02T16:13:52.988+05:30 DEBUG 3796 --- [scm2.0] [           main] org.hibernate.type.BasicTypeRegistry     : Adding type registration java.time.Duration -> org.hibernate.type.BasicTypeReference@57186526
2025-10-02T16:13:52.988+05:30 DEBUG 3796 --- [scm2.0] [           main] org.hibernate.type.BasicTypeRegistry     : Adding type registration LocalDateTime -> org.hibernate.type.BasicTypeReference@391d1e33
2025-10-02T16:13:52.988+05:30 DEBUG 3796 --- [scm2.0] [           main] org.hibernate.type.BasicTypeRegistry     : Adding type registration java.time.LocalDateTime -> org.hibernate.type.BasicTypeReference@391d1e33
2025-10-02T16:13:52.988+05:30 DEBUG 3796 --- [scm2.0] [           main] org.hibernate.type.BasicTypeRegistry     : Adding type registration LocalDate -> org.hibernate.type.BasicTypeReference@66f16742
2025-10-02T16:13:52.989+05:30 DEBUG 3796 --- [scm2.0] [           main] org.hibernate.type.BasicTypeRegistry     : Adding type registration java.time.LocalDate -> org.hibernate.type.BasicTypeReference@66f16742
2025-10-02T16:13:52.989+05:30 DEBUG 3796 --- [scm2.0] [           main] org.hibernate.type.BasicTypeRegistry     : Adding type registration LocalTime -> org.hibernate.type.BasicTypeReference@2871ac91
2025-10-02T16:13:52.989+05:30 DEBUG 3796 --- [scm2.0] [           main] org.hibernate.type.BasicTypeRegistry     : Adding type registration java.time.LocalTime -> org.hibernate.type.BasicTypeReference@2871ac91
2025-10-02T16:13:52.989+05:30 DEBUG 3796 --- [scm2.0] [           main] org.hibernate.type.BasicTypeRegistry     : Adding type registration OffsetDateTime -> org.hibernate.type.BasicTypeReference@3c54ddec
2025-10-02T16:13:52.989+05:30 DEBUG 3796 --- [scm2.0] [           main] org.hibernate.type.BasicTypeRegistry     : Adding type registration java.time.OffsetDateTime -> org.hibernate.type.BasicTypeReference@3c54ddec
2025-10-02T16:13:52.990+05:30 DEBUG 3796 --- [scm2.0] [           main] org.hibernate.type.BasicTypeRegistry     : Adding type registration OffsetDateTimeWithTimezone -> org.hibernate.type.BasicTypeReference@6d69a0d3
2025-10-02T16:13:52.990+05:30 DEBUG 3796 --- [scm2.0] [           main] org.hibernate.type.BasicTypeRegistry     : Adding type registration OffsetDateTimeWithoutTimezone -> org.hibernate.type.BasicTypeReference@4f114b
2025-10-02T16:13:52.990+05:30 DEBUG 3796 --- [scm2.0] [           main] org.hibernate.type.BasicTypeRegistry     : Adding type registration OffsetTime -> org.hibernate.type.BasicTypeReference@257f30f7
2025-10-02T16:13:52.990+05:30 DEBUG 3796 --- [scm2.0] [           main] org.hibernate.type.BasicTypeRegistry     : Adding type registration java.time.OffsetTime -> org.hibernate.type.BasicTypeReference@257f30f7
2025-10-02T16:13:52.990+05:30 DEBUG 3796 --- [scm2.0] [           main] org.hibernate.type.BasicTypeRegistry     : Adding type registration OffsetTimeUtc -> org.hibernate.type.BasicTypeReference@3fde2209
2025-10-02T16:13:52.991+05:30 DEBUG 3796 --- [scm2.0] [           main] org.hibernate.type.BasicTypeRegistry     : Adding type registration OffsetTimeWithTimezone -> org.hibernate.type.BasicTypeReference@1f916219
2025-10-02T16:13:52.991+05:30 DEBUG 3796 --- [scm2.0] [           main] org.hibernate.type.BasicTypeRegistry     : Adding type registration OffsetTimeWithoutTimezone -> org.hibernate.type.BasicTypeReference@67acfde9
2025-10-02T16:13:52.991+05:30 DEBUG 3796 --- [scm2.0] [           main] org.hibernate.type.BasicTypeRegistry     : Adding type registration ZonedDateTime -> org.hibernate.type.BasicTypeReference@3b088163
2025-10-02T16:13:52.992+05:30 DEBUG 3796 --- [scm2.0] [           main] org.hibernate.type.BasicTypeRegistry     : Adding type registration java.time.ZonedDateTime -> org.hibernate.type.BasicTypeReference@3b088163
2025-10-02T16:13:52.992+05:30 DEBUG 3796 --- [scm2.0] [           main] org.hibernate.type.BasicTypeRegistry     : Adding type registration ZonedDateTimeWithTimezone -> org.hibernate.type.BasicTypeReference@75882261
2025-10-02T16:13:52.992+05:30 DEBUG 3796 --- [scm2.0] [           main] org.hibernate.type.BasicTypeRegistry     : Adding type registration ZonedDateTimeWithoutTimezone -> org.hibernate.type.BasicTypeReference@611d0763
2025-10-02T16:13:52.993+05:30 DEBUG 3796 --- [scm2.0] [           main] org.hibernate.type.BasicTypeRegistry     : Adding type registration date -> org.hibernate.type.BasicTypeReference@615efd1c
2025-10-02T16:13:52.993+05:30 DEBUG 3796 --- [scm2.0] [           main] org.hibernate.type.BasicTypeRegistry     : Adding type registration java.sql.Date -> org.hibernate.type.BasicTypeReference@615efd1c
2025-10-02T16:13:52.993+05:30 DEBUG 3796 --- [scm2.0] [           main] org.hibernate.type.BasicTypeRegistry     : Adding type registration time -> org.hibernate.type.BasicTypeReference@1e226bcd
2025-10-02T16:13:52.993+05:30 DEBUG 3796 --- [scm2.0] [           main] org.hibernate.type.BasicTypeRegistry     : Adding type registration java.sql.Time -> org.hibernate.type.BasicTypeReference@1e226bcd
2025-10-02T16:13:52.994+05:30 DEBUG 3796 --- [scm2.0] [           main] org.hibernate.type.BasicTypeRegistry     : Adding type registration timestamp -> org.hibernate.type.BasicTypeReference@2a8dd942
2025-10-02T16:13:52.994+05:30 DEBUG 3796 --- [scm2.0] [           main] org.hibernate.type.BasicTypeRegistry     : Adding type registration java.sql.Timestamp -> org.hibernate.type.BasicTypeReference@2a8dd942
2025-10-02T16:13:52.994+05:30 DEBUG 3796 --- [scm2.0] [           main] org.hibernate.type.BasicTypeRegistry     : Adding type registration java.util.Date -> org.hibernate.type.BasicTypeReference@2a8dd942
2025-10-02T16:13:52.994+05:30 DEBUG 3796 --- [scm2.0] [           main] org.hibernate.type.BasicTypeRegistry     : Adding type registration calendar -> org.hibernate.type.BasicTypeReference@2322e56f
2025-10-02T16:13:52.995+05:30 DEBUG 3796 --- [scm2.0] [           main] org.hibernate.type.BasicTypeRegistry     : Adding type registration java.util.Calendar -> org.hibernate.type.BasicTypeReference@2322e56f
2025-10-02T16:13:52.995+05:30 DEBUG 3796 --- [scm2.0] [           main] org.hibernate.type.BasicTypeRegistry     : Adding type registration java.util.GregorianCalendar -> org.hibernate.type.BasicTypeReference@2322e56f
2025-10-02T16:13:52.995+05:30 DEBUG 3796 --- [scm2.0] [           main] org.hibernate.type.BasicTypeRegistry     : Adding type registration calendar_date -> org.hibernate.type.BasicTypeReference@35025a0a
2025-10-02T16:13:52.995+05:30 DEBUG 3796 --- [scm2.0] [           main] org.hibernate.type.BasicTypeRegistry     : Adding type registration calendar_time -> org.hibernate.type.BasicTypeReference@38732364
2025-10-02T16:13:52.995+05:30 DEBUG 3796 --- [scm2.0] [           main] org.hibernate.type.BasicTypeRegistry     : Adding type registration instant -> org.hibernate.type.BasicTypeReference@7c70aae1
2025-10-02T16:13:52.997+05:30 DEBUG 3796 --- [scm2.0] [           main] org.hibernate.type.BasicTypeRegistry     : Adding type registration java.time.Instant -> org.hibernate.type.BasicTypeReference@7c70aae1
2025-10-02T16:13:52.997+05:30 DEBUG 3796 --- [scm2.0] [           main] org.hibernate.type.BasicTypeRegistry     : Adding type registration uuid -> org.hibernate.type.BasicTypeReference@48cd319d
2025-10-02T16:13:52.998+05:30 DEBUG 3796 --- [scm2.0] [           main] org.hibernate.type.BasicTypeRegistry     : Adding type registration java.util.UUID -> org.hibernate.type.BasicTypeReference@48cd319d
2025-10-02T16:13:52.998+05:30 DEBUG 3796 --- [scm2.0] [           main] org.hibernate.type.BasicTypeRegistry     : Adding type registration pg-uuid -> org.hibernate.type.BasicTypeReference@48cd319d
2025-10-02T16:13:52.998+05:30 DEBUG 3796 --- [scm2.0] [           main] org.hibernate.type.BasicTypeRegistry     : Adding type registration uuid-binary -> org.hibernate.type.BasicTypeReference@6f38f084
2025-10-02T16:13:52.998+05:30 DEBUG 3796 --- [scm2.0] [           main] org.hibernate.type.BasicTypeRegistry     : Adding type registration uuid-char -> org.hibernate.type.BasicTypeReference@4ef18604
2025-10-02T16:13:52.998+05:30 DEBUG 3796 --- [scm2.0] [           main] org.hibernate.type.BasicTypeRegistry     : Adding type registration class -> org.hibernate.type.BasicTypeReference@372f0a99
2025-10-02T16:13:52.998+05:30 DEBUG 3796 --- [scm2.0] [           main] org.hibernate.type.BasicTypeRegistry     : Adding type registration java.lang.Class -> org.hibernate.type.BasicTypeReference@372f0a99
2025-10-02T16:13:52.998+05:30 DEBUG 3796 --- [scm2.0] [           main] org.hibernate.type.BasicTypeRegistry     : Adding type registration currency -> org.hibernate.type.BasicTypeReference@16cf8438
2025-10-02T16:13:52.999+05:30 DEBUG 3796 --- [scm2.0] [           main] org.hibernate.type.BasicTypeRegistry     : Adding type registration Currency -> org.hibernate.type.BasicTypeReference@16cf8438
2025-10-02T16:13:52.999+05:30 DEBUG 3796 --- [scm2.0] [           main] org.hibernate.type.BasicTypeRegistry     : Adding type registration java.util.Currency -> org.hibernate.type.BasicTypeReference@16cf8438
2025-10-02T16:13:53.000+05:30 DEBUG 3796 --- [scm2.0] [           main] org.hibernate.type.BasicTypeRegistry     : Adding type registration locale -> org.hibernate.type.BasicTypeReference@3e5beab5
2025-10-02T16:13:53.001+05:30 DEBUG 3796 --- [scm2.0] [           main] org.hibernate.type.BasicTypeRegistry     : Adding type registration java.util.Locale -> org.hibernate.type.BasicTypeReference@3e5beab5
2025-10-02T16:13:53.001+05:30 DEBUG 3796 --- [scm2.0] [           main] org.hibernate.type.BasicTypeRegistry     : Adding type registration serializable -> org.hibernate.type.BasicTypeReference@7c588adc
2025-10-02T16:13:53.001+05:30 DEBUG 3796 --- [scm2.0] [           main] org.hibernate.type.BasicTypeRegistry     : Adding type registration java.io.Serializable -> org.hibernate.type.BasicTypeReference@7c588adc
2025-10-02T16:13:53.001+05:30 DEBUG 3796 --- [scm2.0] [           main] org.hibernate.type.BasicTypeRegistry     : Adding type registration timezone -> org.hibernate.type.BasicTypeReference@33ec2c0c
2025-10-02T16:13:53.002+05:30 DEBUG 3796 --- [scm2.0] [           main] org.hibernate.type.BasicTypeRegistry     : Adding type registration java.util.TimeZone -> org.hibernate.type.BasicTypeReference@33ec2c0c
2025-10-02T16:13:53.002+05:30 DEBUG 3796 --- [scm2.0] [           main] org.hibernate.type.BasicTypeRegistry     : Adding type registration ZoneOffset -> org.hibernate.type.BasicTypeReference@5968800d
2025-10-02T16:13:53.002+05:30 DEBUG 3796 --- [scm2.0] [           main] org.hibernate.type.BasicTypeRegistry     : Adding type registration java.time.ZoneOffset -> org.hibernate.type.BasicTypeReference@5968800d
2025-10-02T16:13:53.002+05:30 DEBUG 3796 --- [scm2.0] [           main] org.hibernate.type.BasicTypeRegistry     : Adding type registration url -> org.hibernate.type.BasicTypeReference@3887c7d7
2025-10-02T16:13:53.003+05:30 DEBUG 3796 --- [scm2.0] [           main] org.hibernate.type.BasicTypeRegistry     : Adding type registration java.net.URL -> org.hibernate.type.BasicTypeReference@3887c7d7
2025-10-02T16:13:53.003+05:30 DEBUG 3796 --- [scm2.0] [           main] org.hibernate.type.BasicTypeRegistry     : Adding type registration vector -> org.hibernate.type.BasicTypeReference@b1b471
2025-10-02T16:13:53.003+05:30 DEBUG 3796 --- [scm2.0] [           main] org.hibernate.type.BasicTypeRegistry     : Adding type registration row_version -> org.hibernate.type.BasicTypeReference@526f6427
2025-10-02T16:13:53.017+05:30 DEBUG 3796 --- [scm2.0] [           main] org.hibernate.type.BasicTypeRegistry     : Adding type registration object -> org.hibernate.type.JavaObjectType@de77146
2025-10-02T16:13:53.017+05:30 DEBUG 3796 --- [scm2.0] [           main] org.hibernate.type.BasicTypeRegistry     : Adding type registration java.lang.Object -> org.hibernate.type.JavaObjectType@de77146
2025-10-02T16:13:53.019+05:30 DEBUG 3796 --- [scm2.0] [           main] org.hibernate.type.BasicTypeRegistry     : Adding type registration null -> org.hibernate.type.NullType@6380e9e9
2025-10-02T16:13:53.020+05:30 DEBUG 3796 --- [scm2.0] [           main] org.hibernate.type.BasicTypeRegistry     : Adding type registration imm_date -> org.hibernate.type.BasicTypeReference@350da119
2025-10-02T16:13:53.020+05:30 DEBUG 3796 --- [scm2.0] [           main] org.hibernate.type.BasicTypeRegistry     : Adding type registration imm_time -> org.hibernate.type.BasicTypeReference@6a09484c
2025-10-02T16:13:53.020+05:30 DEBUG 3796 --- [scm2.0] [           main] org.hibernate.type.BasicTypeRegistry     : Adding type registration imm_timestamp -> org.hibernate.type.BasicTypeReference@34c7232c
2025-10-02T16:13:53.020+05:30 DEBUG 3796 --- [scm2.0] [           main] org.hibernate.type.BasicTypeRegistry     : Adding type registration imm_calendar -> org.hibernate.type.BasicTypeReference@50ec4bfc
2025-10-02T16:13:53.020+05:30 DEBUG 3796 --- [scm2.0] [           main] org.hibernate.type.BasicTypeRegistry     : Adding type registration imm_calendar_date -> org.hibernate.type.BasicTypeReference@8b13d91
2025-10-02T16:13:53.020+05:30 DEBUG 3796 --- [scm2.0] [           main] org.hibernate.type.BasicTypeRegistry     : Adding type registration imm_calendar_time -> org.hibernate.type.BasicTypeReference@285a4fe3
2025-10-02T16:13:53.022+05:30 DEBUG 3796 --- [scm2.0] [           main] org.hibernate.type.BasicTypeRegistry     : Adding type registration imm_binary -> org.hibernate.type.BasicTypeReference@2589d787
2025-10-02T16:13:53.022+05:30 DEBUG 3796 --- [scm2.0] [           main] org.hibernate.type.BasicTypeRegistry     : Adding type registration imm_serializable -> org.hibernate.type.BasicTypeReference@1788cb61
2025-10-02T16:13:53.618+05:30  INFO 3796 --- [scm2.0] [           main] o.s.o.j.p.SpringPersistenceUnitInfo      : No LoadTimeWeaver setup: ignoring JPA class transformer
2025-10-02T16:13:53.693+05:30  INFO 3796 --- [scm2.0] [           main] com.zaxxer.hikari.HikariDataSource       : HikariPool-1 - Starting...
2025-10-02T16:13:54.153+05:30  INFO 3796 --- [scm2.0] [           main] com.zaxxer.hikari.pool.HikariPool        : HikariPool-1 - Added connection org.postgresql.jdbc.PgConnection@5aa6da2
2025-10-02T16:13:54.157+05:30  INFO 3796 --- [scm2.0] [           main] com.zaxxer.hikari.HikariDataSource       : HikariPool-1 - Start completed.
2025-10-02T16:13:54.254+05:30  WARN 3796 --- [scm2.0] [           main] org.hibernate.orm.deprecation            : HHH90000025: PostgreSQLDialect does not need to be specified explicitly using 'hibernate.dialect' (remove the property setting and it will be selected by default)
2025-10-02T16:13:54.381+05:30 DEBUG 3796 --- [scm2.0] [           main] o.h.t.d.sql.spi.DdlTypeRegistry          : addDescriptor(2003, org.hibernate.type.descriptor.sql.internal.ArrayDdlTypeImpl@5ba184fc) replaced previous registration(org.hibernate.type.descriptor.sql.internal.ArrayDdlTypeImpl@4cfc0c48)
2025-10-02T16:13:54.382+05:30 DEBUG 3796 --- [scm2.0] [           main] o.h.t.d.sql.spi.DdlTypeRegistry          : addDescriptor(6, org.hibernate.type.descriptor.sql.internal.CapacityDependentDdlType@59d5c537) replaced previous registration(org.hibernate.type.descriptor.sql.internal.DdlTypeImpl@5464b97c)
2025-10-02T16:13:54.402+05:30 DEBUG 3796 --- [scm2.0] [           main] o.h.t.d.jdbc.spi.JdbcTypeRegistry        : addDescriptor(2004, BlobTypeDescriptor(BLOB_BINDING)) replaced previous registration(BlobTypeDescriptor(DEFAULT))
2025-10-02T16:13:54.403+05:30 DEBUG 3796 --- [scm2.0] [           main] o.h.t.d.jdbc.spi.JdbcTypeRegistry        : addDescriptor(2005, ClobTypeDescriptor(CLOB_BINDING)) replaced previous registration(ClobTypeDescriptor(DEFAULT))
2025-10-02T16:13:54.429+05:30 DEBUG 3796 --- [scm2.0] [           main] org.hibernate.type.BasicTypeRegistry     : Adding type registration JAVA_OBJECT -> org.hibernate.type.JavaObjectType@298263fa
2025-10-02T16:13:54.429+05:30 DEBUG 3796 --- [scm2.0] [           main] org.hibernate.type.BasicTypeRegistry     : Adding type registration java.lang.Object -> org.hibernate.type.JavaObjectType@298263fa
2025-10-02T16:13:54.429+05:30 DEBUG 3796 --- [scm2.0] [           main] org.hibernate.type.BasicTypeRegistry     : Type registration key [java.lang.Object] overrode previous entry : `org.hibernate.type.JavaObjectType@de77146`
2025-10-02T16:13:54.447+05:30 DEBUG 3796 --- [scm2.0] [           main] org.hibernate.type.BasicTypeRegistry     : Adding type registration org.hibernate.type.DurationType -> basicType@1(java.time.Duration,3015)
2025-10-02T16:13:54.447+05:30 DEBUG 3796 --- [scm2.0] [           main] org.hibernate.type.BasicTypeRegistry     : Adding type registration Duration -> basicType@1(java.time.Duration,3015)
2025-10-02T16:13:54.447+05:30 DEBUG 3796 --- [scm2.0] [           main] org.hibernate.type.BasicTypeRegistry     : Adding type registration java.time.Duration -> basicType@1(java.time.Duration,3015)
2025-10-02T16:13:54.465+05:30 DEBUG 3796 --- [scm2.0] [           main] org.hibernate.type.BasicTypeRegistry     : Adding type registration org.hibernate.type.OffsetDateTimeType -> basicType@2(java.time.OffsetDateTime,3003)
2025-10-02T16:13:54.465+05:30 DEBUG 3796 --- [scm2.0] [           main] org.hibernate.type.BasicTypeRegistry     : Adding type registration OffsetDateTime -> basicType@2(java.time.OffsetDateTime,3003)
2025-10-02T16:13:54.467+05:30 DEBUG 3796 --- [scm2.0] [           main] org.hibernate.type.BasicTypeRegistry     : Adding type registration java.time.OffsetDateTime -> basicType@2(java.time.OffsetDateTime,3003)
2025-10-02T16:13:54.467+05:30 DEBUG 3796 --- [scm2.0] [           main] org.hibernate.type.BasicTypeRegistry     : Adding type registration org.hibernate.type.ZonedDateTimeType -> basicType@3(java.time.ZonedDateTime,3003)
2025-10-02T16:13:54.467+05:30 DEBUG 3796 --- [scm2.0] [           main] org.hibernate.type.BasicTypeRegistry     : Adding type registration ZonedDateTime -> basicType@3(java.time.ZonedDateTime,3003)
2025-10-02T16:13:54.467+05:30 DEBUG 3796 --- [scm2.0] [           main] org.hibernate.type.BasicTypeRegistry     : Adding type registration java.time.ZonedDateTime -> basicType@3(java.time.ZonedDateTime,3003)
2025-10-02T16:13:54.470+05:30 DEBUG 3796 --- [scm2.0] [           main] org.hibernate.type.BasicTypeRegistry     : Adding type registration org.hibernate.type.OffsetTimeType -> basicType@4(java.time.OffsetTime,3007)
2025-10-02T16:13:54.471+05:30 DEBUG 3796 --- [scm2.0] [           main] org.hibernate.type.BasicTypeRegistry     : Adding type registration OffsetTime -> basicType@4(java.time.OffsetTime,3007)
2025-10-02T16:13:54.471+05:30 DEBUG 3796 --- [scm2.0] [           main] org.hibernate.type.BasicTypeRegistry     : Adding type registration java.time.OffsetTime -> basicType@4(java.time.OffsetTime,3007)
2025-10-02T16:13:54.476+05:30 DEBUG 3796 --- [scm2.0] [           main] o.h.type.spi.TypeConfiguration$Scope     : Scoping TypeConfiguration [org.hibernate.type.spi.TypeConfiguration@1de85972] to MetadataBuildingContext [org.hibernate.boot.internal.MetadataBuildingContextRootImpl@280ecc33]
2025-10-02T16:13:56.891+05:30  INFO 3796 --- [scm2.0] [           main] o.h.e.t.j.p.i.JtaPlatformInitiator       : HHH000489: No JTA platform available (set 'hibernate.transaction.jta.platform' to enable JTA platform integration)
2025-10-02T16:13:56.893+05:30 DEBUG 3796 --- [scm2.0] [           main] o.h.type.spi.TypeConfiguration$Scope     : Scoping TypeConfiguration [org.hibernate.type.spi.TypeConfiguration@1de85972] to SessionFactoryImplementor [org.hibernate.internal.SessionFactoryImpl@64f613da]
2025-10-02T16:13:57.030+05:30 DEBUG 3796 --- [scm2.0] [           main] org.hibernate.SQL                        : create table contact (id varchar(255) not null, address varchar(255), email varchar(255), name varchar(255), phone_number varchar(255), user_user_id varchar(255), primary key (id))
2025-10-02T16:13:57.073+05:30 DEBUG 3796 --- [scm2.0] [           main] org.hibernate.SQL                        : create table social_link (id bigint generated by default as identity, link varchar(255), title varchar(255), contact_id varchar(255), primary key (id))
2025-10-02T16:13:57.091+05:30 DEBUG 3796 --- [scm2.0] [           main] org.hibernate.SQL                        : create table user_role_list (user_user_id varchar(255) not null, role_list varchar(255))
2025-10-02T16:13:57.102+05:30 DEBUG 3796 --- [scm2.0] [           main] org.hibernate.SQL                        : create table users (user_id varchar(255) not null, about varchar(1000), email varchar(255) not null, email_token varchar(255), email_verified boolean not null, enabled boolean not null, user_name varchar(255) not null, password varchar(255), phone_number varchar(255), phone_verified boolean not null, profile_pic varchar(1000), provider varchar(255) check (provider in ('SELF','GOOGLE','GITHUB')), provider_user_id varchar(255), primary key (user_id))
2025-10-02T16:13:57.121+05:30 DEBUG 3796 --- [scm2.0] [           main] org.hibernate.SQL                        : alter table if exists users drop constraint if exists UK6dotkott2kjsp8vw4d0m25fb7
2025-10-02T16:13:57.126+05:30  WARN 3796 --- [scm2.0] [           main] o.h.engine.jdbc.spi.SqlExceptionHelper   : SQL Warning Code: 0, SQLState: 00000
2025-10-02T16:13:57.126+05:30  WARN 3796 --- [scm2.0] [           main] o.h.engine.jdbc.spi.SqlExceptionHelper   : constraint "uk6dotkott2kjsp8vw4d0m25fb7" of relation "users" does not exist, skipping
2025-10-02T16:13:57.127+05:30 DEBUG 3796 --- [scm2.0] [           main] org.hibernate.SQL                        : alter table if exists users add constraint UK6dotkott2kjsp8vw4d0m25fb7 unique (email)
2025-10-02T16:13:57.132+05:30 DEBUG 3796 --- [scm2.0] [           main] org.hibernate.SQL                        : alter table if exists contact add constraint FK1965xd6bvri2cnjnyrwfd78pp foreign key (user_user_id) references users
2025-10-02T16:13:57.150+05:30 DEBUG 3796 --- [scm2.0] [           main] org.hibernate.SQL                        : alter table if exists social_link add constraint FKjgl9oakag3cpf4btscnvqjpan foreign key (contact_id) references contact
2025-10-02T16:13:57.156+05:30 DEBUG 3796 --- [scm2.0] [           main] org.hibernate.SQL                        : alter table if exists user_role_list add constraint FKe4ohindc5lhgsu9c4ngq83ud0 foreign key (user_user_id) references users
2025-10-02T16:13:57.163+05:30 TRACE 3796 --- [scm2.0] [           main] o.h.type.spi.TypeConfiguration$Scope     : Handling #sessionFactoryCreated from [org.hibernate.internal.SessionFactoryImpl@64f613da] for TypeConfiguration
2025-10-02T16:13:57.164+05:30  INFO 3796 --- [scm2.0] [           main] j.LocalContainerEntityManagerFactoryBean : Initialized JPA EntityManagerFactory for persistence unit 'default'
2025-10-02T16:13:58.288+05:30  INFO 3796 --- [scm2.0] [           main] o.s.d.j.r.query.QueryEnhancerFactory     : Hibernate is in classpath; If applicable, HQL parser will be used.
2025-10-02T16:13:59.667+05:30  WARN 3796 --- [scm2.0] [           main] JpaBaseConfiguration$JpaWebConfiguration : spring.jpa.open-in-view is enabled by default. Therefore, database queries may be performed during view rendering. Explicitly configure spring.jpa.open-in-view to disable this warning
2025-10-02T16:14:00.019+05:30  INFO 3796 --- [scm2.0] [           main] eAuthenticationProviderManagerConfigurer : Global AuthenticationManager configured with AuthenticationProvider bean with name authenticationProvider
2025-10-02T16:14:00.022+05:30  WARN 3796 --- [scm2.0] [           main] r$InitializeUserDetailsManagerConfigurer : Global AuthenticationManager configured with an AuthenticationProvider bean. UserDetailsService beans will not be used for username/password login. Consider removing the AuthenticationProvider bean. Alternatively, consider using the UserDetailsService in a manually instantiated DaoAuthenticationProvider.
2025-10-02T16:14:00.231+05:30  INFO 3796 --- [scm2.0] [           main] o.s.b.a.w.s.WelcomePageHandlerMapping    : Adding welcome page template: index
2025-10-02T16:14:02.122+05:30  INFO 3796 --- [scm2.0] [           main] com.scm.ApplicationTests                 : Started ApplicationTests in 14.767 seconds (process running for 17.936)
]]></system-out>
  </testcase>
</testsuite>